# JRE version: OpenJDK Runtime Environment (17.0.6) (build 17.0.6+0-b2043.56-9586694)
# Java VM: OpenJDK 64-Bit Server VM (17.0.6+0-b2043.56-9586694, mixed mode, tiered, compressed oops, compressed class ptrs, g1 gc, windows-amd64)
GC Precious Log:
 CPUs: 4 total, 4 available
 Memory: 11705M
 Large Page Support: Disabled
 NUMA Support: Disabled
 Compressed Oops: Enabled (32-bit)
 Heap Region Size: 1M
 Heap Min Capacity: 8M
 Heap Initial Capacity: 184M
 Heap Max Capacity: 2G
 Pre-touch: Disabled
 Parallel Workers: 4
 Concurrent Workers: 1
 Concurrent Refinement Workers: 4
 Periodic GC: Disabled
Heap:
 garbage-first heap   total 437248K, used 152827K [0x0000000080000000, 0x0000000100000000)
  region size 1024K, 5 young (5120K), 5 survivors (5120K)
 Metaspace       used 135407K, committed 136704K, reserved 1171456K
  class space    used 17629K, committed 18240K, reserved 1048576K
GC Heap History (20 events):
Event: 5756.795 GC heap after
{Heap after GC invocations=93 (full 0):
 garbage-first heap   total 356352K, used 153984K [0x0000000080000000, 0x0000000100000000)
  region size 1024K, 1 young (1024K), 1 survivors (1024K)
 Metaspace       used 133760K, committed 134720K, reserved 1171456K
  class space    used 17427K, committed 17856K, reserved 1048576K
}
Event: 5759.077 GC heap before
{Heap before GC invocations=93 (full 0):
 garbage-first heap   total 356352K, used 266624K [0x0000000080000000, 0x0000000100000000)
  region size 1024K, 113 young (115712K), 1 survivors (1024K)
 Metaspace       used 134260K, committed 135232K, reserved 1171456K
  class space    used 17453K, committed 17920K, reserved 1048576K
}
Event: 5759.104 GC heap after
{Heap after GC invocations=94 (full 0):
 garbage-first heap   total 356352K, used 165847K [0x0000000080000000, 0x0000000100000000)
  region size 1024K, 13 young (13312K), 13 survivors (13312K)
 Metaspace       used 134260K, committed 135232K, reserved 1171456K
  class space    used 17453K, committed 17920K, reserved 1048576K
}
Event: 6732.857 GC heap before
{Heap before GC invocations=95 (full 0):
 garbage-first heap   total 356352K, used 308183K [0x0000000080000000, 0x0000000100000000)
  region size 1024K, 127 young (130048K), 13 survivors (13312K)
 Metaspace       used 134664K, committed 135872K, reserved 1171456K
  class space    used 17565K, committed 18112K, reserved 1048576K
}
Event: 6732.906 GC heap after
{Heap after GC invocations=96 (full 0):
 garbage-first heap   total 356352K, used 177677K [0x0000000080000000, 0x0000000100000000)
  region size 1024K, 15 young (15360K), 15 survivors (15360K)
 Metaspace       used 134664K, committed 135872K, reserved 1171456K
  class space    used 17565K, committed 18112K, reserved 1048576K
}
Event: 6732.911 GC heap before
{Heap before GC invocations=96 (full 0):
 garbage-first heap   total 356352K, used 179725K [0x0000000080000000, 0x0000000100000000)
  region size 1024K, 17 young (17408K), 15 survivors (15360K)
 Metaspace       used 134664K, committed 135872K, reserved 1171456K
  class space    used 17565K, committed 18112K, reserved 1048576K
}
Event: 6732.958 GC heap after
{Heap after GC invocations=97 (full 0):
 garbage-first heap   total 356352K, used 155136K [0x0000000080000000, 0x0000000100000000)
  region size 1024K, 2 young (2048K), 2 survivors (2048K)
 Metaspace       used 134664K, committed 135872K, reserved 1171456K
  class space    used 17565K, committed 18112K, reserved 1048576K
}
Event: 6735.326 GC heap before
{Heap before GC invocations=97 (full 0):
 garbage-first heap   total 356352K, used 271872K [0x0000000080000000, 0x0000000100000000)
  region size 1024K, 118 young (120832K), 2 survivors (2048K)
 Metaspace       used 135277K, committed 136640K, reserved 1171456K
  class space    used 17649K, committed 18240K, reserved 1048576K
}
Event: 6735.352 GC heap after
{Heap after GC invocations=98 (full 0):
 garbage-first heap   total 356352K, used 166560K [0x0000000080000000, 0x0000000100000000)
  region size 1024K, 13 young (13312K), 13 survivors (13312K)
 Metaspace       used 135277K, committed 136640K, reserved 1171456K
  class space    used 17649K, committed 18240K, reserved 1048576K
}
Event: 6860.419 GC heap before
{Heap before GC invocations=99 (full 0):
 garbage-first heap   total 356352K, used 304800K [0x0000000080000000, 0x0000000100000000)
  region size 1024K, 125 young (128000K), 13 survivors (13312K)
 Metaspace       used 135174K, committed 136512K, reserved 1171456K
  class space    used 17629K, committed 18240K, reserved 1048576K
}
Event: 6860.466 GC heap after
{Heap after GC invocations=100 (full 0):
 garbage-first heap   total 356352K, used 181019K [0x0000000080000000, 0x0000000100000000)
  region size 1024K, 16 young (16384K), 16 survivors (16384K)
 Metaspace       used 135174K, committed 136512K, reserved 1171456K
  class space    used 17629K, committed 18240K, reserved 1048576K
}
Event: 6860.512 GC heap before
{Heap before GC invocations=100 (full 0):
 garbage-first heap   total 356352K, used 182043K [0x0000000080000000, 0x0000000100000000)
  region size 1024K, 17 young (17408K), 16 survivors (16384K)
 Metaspace       used 135174K, committed 136512K, reserved 1171456K
  class space    used 17629K, committed 18240K, reserved 1048576K
}
Event: 6860.547 GC heap after
{Heap after GC invocations=101 (full 0):
 garbage-first heap   total 356352K, used 161760K [0x0000000080000000, 0x0000000100000000)
  region size 1024K, 2 young (2048K), 2 survivors (2048K)
 Metaspace       used 135174K, committed 136512K, reserved 1171456K
  class space    used 17629K, committed 18240K, reserved 1048576K
}
Event: 6862.412 GC heap before
{Heap before GC invocations=101 (full 0):
 garbage-first heap   total 356352K, used 256992K [0x0000000080000000, 0x0000000100000000)
  region size 1024K, 97 young (99328K), 2 survivors (2048K)
 Metaspace       used 135533K, committed 136832K, reserved 1171456K
  class space    used 17652K, committed 18240K, reserved 1048576K
}
Event: 6862.437 GC heap after
{Heap after GC invocations=102 (full 0):
 garbage-first heap   total 356352K, used 170685K [0x0000000080000000, 0x0000000100000000)
  region size 1024K, 11 young (11264K), 11 survivors (11264K)
 Metaspace       used 135533K, committed 136832K, reserved 1171456K
  class space    used 17652K, committed 18240K, reserved 1048576K
}
Event: 9335.969 GC heap before
{Heap before GC invocations=103 (full 0):
 garbage-first heap   total 356352K, used 303805K [0x0000000080000000, 0x0000000100000000)
  region size 1024K, 116 young (118784K), 11 survivors (11264K)
 Metaspace       used 135380K, committed 136640K, reserved 1171456K
  class space    used 17629K, committed 18240K, reserved 1048576K
}
Event: 9336.000 GC heap after
{Heap after GC invocations=104 (full 0):
 garbage-first heap   total 356352K, used 177363K [0x0000000080000000, 0x0000000100000000)
  region size 1024K, 8 young (8192K), 8 survivors (8192K)
 Metaspace       used 135380K, committed 136640K, reserved 1171456K
  class space    used 17629K, committed 18240K, reserved 1048576K
}
Event: 9336.124 GC heap before
{Heap before GC invocations=104 (full 0):
 garbage-first heap   total 356352K, used 186579K [0x0000000080000000, 0x0000000100000000)
  region size 1024K, 17 young (17408K), 8 survivors (8192K)
 Metaspace       used 135382K, committed 136640K, reserved 1171456K
  class space    used 17629K, committed 18240K, reserved 1048576K
}
Event: 9336.160 GC heap after
{Heap after GC invocations=105 (full 0):
 garbage-first heap   total 356352K, used 149639K [0x0000000080000000, 0x0000000100000000)
  region size 1024K, 2 young (2048K), 2 survivors (2048K)
 Metaspace       used 135382K, committed 136640K, reserved 1171456K
  class space    used 17629K, committed 18240K, reserved 1048576K
}
Event: 9339.214 GC heap before
{Heap before GC invocations=105 (full 0):
 garbage-first heap   total 356352K, used 171143K [0x0000000080000000, 0x0000000100000000)
  region size 1024K, 24 young (24576K), 2 survivors (2048K)
 Metaspace       used 135407K, committed 136704K, reserved 1171456K
  class space    used 17629K, committed 18240K, reserved 1048576K
}

