# JRE version: OpenJDK Runtime Environment (17.0.6) (build 17.0.6+0-b2043.56-9586694)
# Java VM: OpenJDK 64-Bit Server VM (17.0.6+0-b2043.56-9586694, mixed mode, tiered, compressed oops, compressed class ptrs, g1 gc, windows-amd64)
GC Precious Log:
 CPUs: 4 total, 4 available
 Memory: 11705M
 Large Page Support: Disabled
 NUMA Support: Disabled
 Compressed Oops: Enabled (32-bit)
 Heap Region Size: 1M
 Heap Min Capacity: 8M
 Heap Initial Capacity: 184M
 Heap Max Capacity: 2G
 Pre-touch: Disabled
 Parallel Workers: 4
 Concurrent Workers: 1
 Concurrent Refinement Workers: 4
 Periodic GC: Disabled
Heap:
 garbage-first heap   total 361472K, used 134597K [0x0000000080000000, 0x0000000100000000)
  region size 1024K, 11 young (11264K), 11 survivors (11264K)
 Metaspace       used 139199K, committed 141056K, reserved 1171456K
  class space    used 17903K, committed 18752K, reserved 1048576K
GC Heap History (20 events):
Event: 20833.265 GC heap after
{Heap after GC invocations=150 (full 0):
 garbage-first heap   total 361472K, used 120726K [0x0000000080000000, 0x0000000100000000)
  region size 1024K, 2 young (2048K), 2 survivors (2048K)
 Metaspace       used 138810K, committed 140672K, reserved 1171456K
  class space    used 17901K, committed 18752K, reserved 1048576K
}
Event: 20834.039 GC heap before
{Heap before GC invocations=150 (full 0):
 garbage-first heap   total 361472K, used 183190K [0x0000000080000000, 0x0000000100000000)
  region size 1024K, 65 young (66560K), 2 survivors (2048K)
 Metaspace       used 138871K, committed 140736K, reserved 1171456K
  class space    used 17902K, committed 18752K, reserved 1048576K
}
Event: 20834.058 GC heap after
{Heap after GC invocations=151 (full 0):
 garbage-first heap   total 361472K, used 130278K [0x0000000080000000, 0x0000000100000000)
  region size 1024K, 11 young (11264K), 11 survivors (11264K)
 Metaspace       used 138871K, committed 140736K, reserved 1171456K
  class space    used 17902K, committed 18752K, reserved 1048576K
}
Event: 20844.369 GC heap before
{Heap before GC invocations=152 (full 0):
 garbage-first heap   total 361472K, used 307430K [0x0000000080000000, 0x0000000100000000)
  region size 1024K, 157 young (160768K), 11 survivors (11264K)
 Metaspace       used 138984K, committed 140864K, reserved 1171456K
  class space    used 17902K, committed 18752K, reserved 1048576K
}
Event: 20844.395 GC heap after
{Heap after GC invocations=153 (full 0):
 garbage-first heap   total 361472K, used 133831K [0x0000000080000000, 0x0000000100000000)
  region size 1024K, 12 young (12288K), 12 survivors (12288K)
 Metaspace       used 138984K, committed 140864K, reserved 1171456K
  class space    used 17902K, committed 18752K, reserved 1048576K
}
Event: 20844.465 GC heap before
{Heap before GC invocations=153 (full 0):
 garbage-first heap   total 361472K, used 138951K [0x0000000080000000, 0x0000000100000000)
  region size 1024K, 17 young (17408K), 12 survivors (12288K)
 Metaspace       used 138987K, committed 140864K, reserved 1171456K
  class space    used 17902K, committed 18752K, reserved 1048576K
}
Event: 20844.491 GC heap after
{Heap after GC invocations=154 (full 0):
 garbage-first heap   total 361472K, used 125634K [0x0000000080000000, 0x0000000100000000)
  region size 1024K, 3 young (3072K), 3 survivors (3072K)
 Metaspace       used 138987K, committed 140864K, reserved 1171456K
  class space    used 17902K, committed 18752K, reserved 1048576K
}
Event: 20973.730 GC heap before
{Heap before GC invocations=154 (full 0):
 garbage-first heap   total 361472K, used 270018K [0x0000000080000000, 0x0000000100000000)
  region size 1024K, 146 young (149504K), 3 survivors (3072K)
 Metaspace       used 139026K, committed 140864K, reserved 1171456K
  class space    used 17903K, committed 18752K, reserved 1048576K
}
Event: 20973.773 GC heap after
{Heap after GC invocations=155 (full 0):
 garbage-first heap   total 361472K, used 142696K [0x0000000080000000, 0x0000000100000000)
  region size 1024K, 20 young (20480K), 20 survivors (20480K)
 Metaspace       used 139026K, committed 140864K, reserved 1171456K
  class space    used 17903K, committed 18752K, reserved 1048576K
}
Event: 21321.516 GC heap before
{Heap before GC invocations=156 (full 0):
 garbage-first heap   total 361472K, used 308389K [0x0000000080000000, 0x0000000100000000)
  region size 1024K, 157 young (160768K), 20 survivors (20480K)
 Metaspace       used 139081K, committed 140864K, reserved 1171456K
  class space    used 17902K, committed 18752K, reserved 1048576K
}
Event: 21321.538 GC heap after
{Heap after GC invocations=157 (full 0):
 garbage-first heap   total 361472K, used 134774K [0x0000000080000000, 0x0000000100000000)
  region size 1024K, 4 young (4096K), 4 survivors (4096K)
 Metaspace       used 139081K, committed 140864K, reserved 1171456K
  class space    used 17902K, committed 18752K, reserved 1048576K
}
Event: 21321.631 GC heap before
{Heap before GC invocations=157 (full 0):
 garbage-first heap   total 361472K, used 147062K [0x0000000080000000, 0x0000000100000000)
  region size 1024K, 17 young (17408K), 4 survivors (4096K)
 Metaspace       used 139081K, committed 140864K, reserved 1171456K
  class space    used 17902K, committed 18752K, reserved 1048576K
}
Event: 21321.646 GC heap after
{Heap after GC invocations=158 (full 0):
 garbage-first heap   total 361472K, used 127588K [0x0000000080000000, 0x0000000100000000)
  region size 1024K, 2 young (2048K), 2 survivors (2048K)
 Metaspace       used 139081K, committed 140864K, reserved 1171456K
  class space    used 17902K, committed 18752K, reserved 1048576K
}
Event: 21322.435 GC heap before
{Heap before GC invocations=158 (full 0):
 garbage-first heap   total 361472K, used 190052K [0x0000000080000000, 0x0000000100000000)
  region size 1024K, 65 young (66560K), 2 survivors (2048K)
 Metaspace       used 139122K, committed 140928K, reserved 1171456K
  class space    used 17903K, committed 18752K, reserved 1048576K
}
Event: 21322.455 GC heap after
{Heap after GC invocations=159 (full 0):
 garbage-first heap   total 361472K, used 137095K [0x0000000080000000, 0x0000000100000000)
  region size 1024K, 11 young (11264K), 11 survivors (11264K)
 Metaspace       used 139122K, committed 140928K, reserved 1171456K
  class space    used 17903K, committed 18752K, reserved 1048576K
}
Event: 21425.872 GC heap before
{Heap before GC invocations=160 (full 0):
 garbage-first heap   total 361472K, used 309127K [0x0000000080000000, 0x0000000100000000)
  region size 1024K, 155 young (158720K), 11 survivors (11264K)
 Metaspace       used 139187K, committed 141056K, reserved 1171456K
  class space    used 17902K, committed 18752K, reserved 1048576K
}
Event: 21425.894 GC heap after
{Heap after GC invocations=161 (full 0):
 garbage-first heap   total 361472K, used 138123K [0x0000000080000000, 0x0000000100000000)
  region size 1024K, 12 young (12288K), 12 survivors (12288K)
 Metaspace       used 139187K, committed 141056K, reserved 1171456K
  class space    used 17902K, committed 18752K, reserved 1048576K
}
Event: 21425.974 GC heap before
{Heap before GC invocations=161 (full 0):
 garbage-first heap   total 361472K, used 143243K [0x0000000080000000, 0x0000000100000000)
  region size 1024K, 17 young (17408K), 12 survivors (12288K)
 Metaspace       used 139188K, committed 141056K, reserved 1171456K
  class space    used 17902K, committed 18752K, reserved 1048576K
}
Event: 21425.999 GC heap after
{Heap after GC invocations=162 (full 0):
 garbage-first heap   total 361472K, used 126741K [0x0000000080000000, 0x0000000100000000)
  region size 1024K, 3 young (3072K), 3 survivors (3072K)
 Metaspace       used 139188K, committed 141056K, reserved 1171456K
  class space    used 17902K, committed 18752K, reserved 1048576K
}
Event: 21426.705 GC heap before
{Heap before GC invocations=162 (full 0):
 garbage-first heap   total 361472K, used 183061K [0x0000000080000000, 0x0000000100000000)
  region size 1024K, 60 young (61440K), 3 survivors (3072K)
 Metaspace       used 139199K, committed 141056K, reserved 1171456K
  class space    used 17903K, committed 18752K, reserved 1048576K
}

